mode: set
github.com/meanguy/automato/internal/mem/chunk.go:14.48,18.2 2 1
github.com/meanguy/automato/internal/mem/chunk.go:20.57,22.2 1 1
github.com/meanguy/automato/internal/mem/chunk.go:24.40,26.2 1 1
github.com/meanguy/automato/internal/mem/chunk.go:28.45,33.2 3 1
github.com/meanguy/automato/internal/mem/chunk.go:35.50,37.2 1 1
github.com/meanguy/automato/internal/mem/chunk.go:39.42,42.2 2 1
github.com/meanguy/automato/internal/mem/chunk.go:44.47,47.2 2 1
github.com/meanguy/automato/internal/mem/chunk.go:49.53,51.2 1 1
github.com/meanguy/automato/internal/scanner/scanner.go:16.41,23.2 1 1
github.com/meanguy/automato/internal/scanner/scanner.go:27.43,33.17 4 1
github.com/meanguy/automato/internal/scanner/scanner.go:37.2,39.21 2 1
github.com/meanguy/automato/internal/scanner/scanner.go:43.2,43.21 1 1
github.com/meanguy/automato/internal/scanner/scanner.go:47.2,47.14 1 1
github.com/meanguy/automato/internal/scanner/scanner.go:100.2,100.69 1 1
github.com/meanguy/automato/internal/scanner/scanner.go:33.17,35.3 1 1
github.com/meanguy/automato/internal/scanner/scanner.go:39.21,41.3 1 1
github.com/meanguy/automato/internal/scanner/scanner.go:43.21,45.3 1 1
github.com/meanguy/automato/internal/scanner/scanner.go:48.11,49.38 1 1
github.com/meanguy/automato/internal/scanner/scanner.go:50.11,51.39 1 1
github.com/meanguy/automato/internal/scanner/scanner.go:52.11,53.38 1 1
github.com/meanguy/automato/internal/scanner/scanner.go:54.11,55.39 1 1
github.com/meanguy/automato/internal/scanner/scanner.go:56.11,57.38 1 1
github.com/meanguy/automato/internal/scanner/scanner.go:58.11,59.34 1 1
github.com/meanguy/automato/internal/scanner/scanner.go:60.11,61.32 1 1
github.com/meanguy/automato/internal/scanner/scanner.go:62.11,63.34 1 1
github.com/meanguy/automato/internal/scanner/scanner.go:64.11,65.33 1 1
github.com/meanguy/automato/internal/scanner/scanner.go:66.11,67.34 1 1
github.com/meanguy/automato/internal/scanner/scanner.go:68.11,69.33 1 1
github.com/meanguy/automato/internal/scanner/scanner.go:70.11,71.36 1 1
github.com/meanguy/automato/internal/scanner/scanner.go:72.11,73.19 1 1
github.com/meanguy/automato/internal/scanner/scanner.go:78.11,79.19 1 1
github.com/meanguy/automato/internal/scanner/scanner.go:84.11,85.19 1 1
github.com/meanguy/automato/internal/scanner/scanner.go:90.11,91.19 1 1
github.com/meanguy/automato/internal/scanner/scanner.go:96.11,97.36 1 1
github.com/meanguy/automato/internal/scanner/scanner.go:73.19,75.4 1 1
github.com/meanguy/automato/internal/scanner/scanner.go:75.9,77.4 1 1
github.com/meanguy/automato/internal/scanner/scanner.go:79.19,81.4 1 1
github.com/meanguy/automato/internal/scanner/scanner.go:81.9,83.4 1 1
github.com/meanguy/automato/internal/scanner/scanner.go:85.19,87.4 1 1
github.com/meanguy/automato/internal/scanner/scanner.go:87.9,89.4 1 1
github.com/meanguy/automato/internal/scanner/scanner.go:91.19,93.4 1 1
github.com/meanguy/automato/internal/scanner/scanner.go:93.9,95.4 1 1
github.com/meanguy/automato/internal/scanner/scanner.go:103.34,107.2 2 1
github.com/meanguy/automato/internal/scanner/scanner.go:109.43,113.2 1 1
github.com/meanguy/automato/internal/scanner/scanner.go:115.34,117.2 1 1
github.com/meanguy/automato/internal/scanner/scanner.go:119.43,121.2 1 1
github.com/meanguy/automato/internal/scanner/scanner.go:123.41,124.17 1 1
github.com/meanguy/automato/internal/scanner/scanner.go:128.2,128.32 1 1
github.com/meanguy/automato/internal/scanner/scanner.go:132.2,134.13 2 1
github.com/meanguy/automato/internal/scanner/scanner.go:124.17,126.3 1 1
github.com/meanguy/automato/internal/scanner/scanner.go:128.32,130.3 1 1
github.com/meanguy/automato/internal/scanner/scanner.go:137.101,140.21 3 1
github.com/meanguy/automato/internal/scanner/scanner.go:144.2,144.25 1 1
github.com/meanguy/automato/internal/scanner/scanner.go:140.21,142.3 1 1
github.com/meanguy/automato/internal/scanner/scanner.go:148.52,149.27 1 1
github.com/meanguy/automato/internal/scanner/scanner.go:194.2,194.25 1 1
github.com/meanguy/automato/internal/scanner/scanner.go:150.11,151.44 1 1
github.com/meanguy/automato/internal/scanner/scanner.go:152.11,153.48 1 1
github.com/meanguy/automato/internal/scanner/scanner.go:154.11,155.46 1 1
github.com/meanguy/automato/internal/scanner/scanner.go:156.11,157.42 1 1
github.com/meanguy/automato/internal/scanner/scanner.go:158.11,159.44 1 1
github.com/meanguy/automato/internal/scanner/scanner.go:160.11,161.42 1 1
github.com/meanguy/automato/internal/scanner/scanner.go:162.11,163.48 1 1
github.com/meanguy/automato/internal/scanner/scanner.go:164.11,165.50 1 1
github.com/meanguy/automato/internal/scanner/scanner.go:166.11,167.48 1 1
github.com/meanguy/automato/internal/scanner/scanner.go:168.11,169.44 1 1
github.com/meanguy/automato/internal/scanner/scanner.go:170.11,171.48 1 1
github.com/meanguy/automato/internal/scanner/scanner.go:172.11,173.24 1 1
github.com/meanguy/automato/internal/scanner/scanner.go:183.11,184.24 1 1
github.com/meanguy/automato/internal/scanner/scanner.go:173.24,174.31 1 1
github.com/meanguy/automato/internal/scanner/scanner.go:175.13,176.49 1 1
github.com/meanguy/automato/internal/scanner/scanner.go:177.13,178.45 1 1
github.com/meanguy/automato/internal/scanner/scanner.go:179.13,180.45 1 1
github.com/meanguy/automato/internal/scanner/scanner.go:184.24,185.31 1 1
github.com/meanguy/automato/internal/scanner/scanner.go:186.13,187.47 1 1
github.com/meanguy/automato/internal/scanner/scanner.go:188.13,189.47 1 1
github.com/meanguy/automato/internal/scanner/scanner.go:197.72,203.2 1 1
github.com/meanguy/automato/internal/scanner/scanner.go:205.53,206.49 1 1
github.com/meanguy/automato/internal/scanner/scanner.go:210.2,210.40 1 1
github.com/meanguy/automato/internal/scanner/scanner.go:206.49,208.3 1 1
github.com/meanguy/automato/internal/scanner/scanner.go:213.56,214.26 1 1
github.com/meanguy/automato/internal/scanner/scanner.go:218.2,218.48 1 1
github.com/meanguy/automato/internal/scanner/scanner.go:226.2,226.34 1 1
github.com/meanguy/automato/internal/scanner/scanner.go:214.26,216.3 1 1
github.com/meanguy/automato/internal/scanner/scanner.go:218.48,221.27 2 1
github.com/meanguy/automato/internal/scanner/scanner.go:221.27,223.4 1 1
github.com/meanguy/automato/internal/scanner/scanner.go:229.56,230.38 1 1
github.com/meanguy/automato/internal/scanner/scanner.go:238.2,238.17 1 1
github.com/meanguy/automato/internal/scanner/scanner.go:242.2,244.34 2 1
github.com/meanguy/automato/internal/scanner/scanner.go:230.38,231.23 1 1
github.com/meanguy/automato/internal/scanner/scanner.go:235.3,235.18 1 1
github.com/meanguy/automato/internal/scanner/scanner.go:231.23,233.4 1 1
github.com/meanguy/automato/internal/scanner/scanner.go:238.17,240.3 1 1
github.com/meanguy/automato/internal/scanner/scanner.go:247.68,253.2 1 1
github.com/meanguy/automato/internal/scanner/scanner.go:255.31,256.17 1 1
github.com/meanguy/automato/internal/scanner/scanner.go:260.2,260.27 1 1
github.com/meanguy/automato/internal/scanner/scanner.go:256.17,258.3 1 1
github.com/meanguy/automato/internal/scanner/scanner.go:263.35,264.33 1 1
github.com/meanguy/automato/internal/scanner/scanner.go:268.2,268.29 1 1
github.com/meanguy/automato/internal/scanner/scanner.go:264.33,266.3 1 1
github.com/meanguy/automato/internal/scanner/scanner.go:271.34,272.6 1 1
github.com/meanguy/automato/internal/scanner/scanner.go:272.6,274.15 2 1
github.com/meanguy/automato/internal/scanner/scanner.go:275.12,276.27 1 1
github.com/meanguy/automato/internal/scanner/scanner.go:283.11,284.10 1 1
github.com/meanguy/automato/internal/scanner/scanner.go:276.27,277.42 1 1
github.com/meanguy/automato/internal/scanner/scanner.go:277.42,279.6 1 1
github.com/meanguy/automato/internal/scanner/scanner.go:280.10,282.5 1 1
github.com/meanguy/automato/internal/scanner/scanner.go:289.36,290.6 1 1
github.com/meanguy/automato/internal/scanner/scanner.go:290.6,292.15 2 1
github.com/meanguy/automato/internal/scanner/scanner.go:293.12,294.15 1 1
github.com/meanguy/automato/internal/scanner/scanner.go:295.13,296.15 1 1
github.com/meanguy/automato/internal/scanner/scanner.go:297.13,298.19 1 1
github.com/meanguy/automato/internal/scanner/scanner.go:299.13,301.19 2 1
github.com/meanguy/automato/internal/scanner/scanner.go:302.11,303.10 1 1
